
------------------------------------------------------------
Sender: LSF System <lsfadmin@n-62-21-43>
Subject: Job 5036624: <collector> in cluster <dcc> Done

Job <collector> was submitted from host <n-62-27-18> by user <s164535> in cluster <dcc> at Thu Jan  9 09:51:58 2020
Job was executed on host(s) <n-62-21-43>, in queue <hpcintro>, as user <s164535> in cluster <dcc> at Thu Jan  9 09:51:58 2020
</zhome/1e/7/117649> was used as the home directory.
</zhome/1e/7/117649/Documents/02614> was used as the working directory.
Started at Thu Jan  9 09:51:58 2020
Terminated at Thu Jan  9 09:52:37 2020
Results reported at Thu Jan  9 09:52:37 2020

Your job looked like:

------------------------------------------------------------
# LSBATCH: User input
#!/bin/bash
# 02614 - High-Performance Computing, January 2018
# 
# batch script to run collect on a decidated server in the hpcintro
# queue
#
# Author: Bernd Dammann <bd@cc.dtu.dk>
#
#BSUB -J collector
#BSUB -o collector_%J.out
#BSUB -q hpcintro
#BSUB -n 1
#BSUB -R "rusage[mem=2048]"
#BSUB -W 00:10

module load studio

# define the driver name to use
# valid values: matmult_c.studio, matmult_f.studio, matmult_c.gcc or
# matmult_f.gcc
#
EXECUTABLE=matmult_c.gcc

# define the mkn values in the MKN variable
#
MKN="100 100 100"

# define the permutation type in PERM
#
PERM="per"

# uncomment and set a reasonable BLKSIZE for the blk version
#
BLKSIZE=1

# define the max no. of iterations the driver should use - adjust to
# get a reasonable run time.  You can get an estimate by trying this
# on the command line, i.e. "MFLOPS_MAX_IT=10 ./matmult_...." for the
# problem size you want to analyze.
#
export MFLOPS_MAX_IT=1000
export MATMULT_COMPARE=1

# experiment name 
#
JID=${LSB_JOBID}
EXPOUT="$LSB_JOBNAME.${JID}.er"

# uncomment the HWCOUNT line, if you want to use hardware counters
# define an option string for the harwdware counters (see output of

(... more ...)
------------------------------------------------------------

Successfully completed.

Resource usage summary:

    CPU time :                                   34.72 sec.
    Max Memory :                                 23 MB
    Average Memory :                             11.50 MB
    Total Requested Memory :                     2048.00 MB
    Delta Memory :                               2025.00 MB
    Max Swap :                                   -
    Max Processes :                              4
    Max Threads :                                5
    Run time :                                   38 sec.
    Turnaround time :                            39 sec.

The output (if any) is above this job summary.

