     0.023      2.068 # matmult_mnk
     0.023      2.064 # matmult_mkn
     0.023      2.064 # matmult_kmn
     0.023      2.065 # matmult_knm
     0.023      2.066 # matmult_nkm
     0.023      2.056 # matmult_nmk
    58.594   1522.633 # matmult_mnk
    58.594   3861.499 # matmult_mkn
    58.594   3767.190 # matmult_kmn
    58.594   1520.259 # matmult_knm
    58.594   1437.376 # matmult_nkm
    58.594   1538.267 # matmult_nmk
   131.836   1585.207 # matmult_mnk
   131.836   3651.281 # matmult_mkn
   131.836   3774.444 # matmult_kmn
   131.836   1551.708 # matmult_knm
   131.836   1505.462 # matmult_nkm
   131.836   1606.311 # matmult_nmk
   234.375   1564.934 # matmult_mnk
   234.375   3731.493 # matmult_mkn
   234.375   3670.087 # matmult_kmn
   234.375   1534.473 # matmult_knm
   234.375   1509.315 # matmult_nkm
   234.375   1569.904 # matmult_nmk
   527.344   1517.825 # matmult_mnk
   527.344   3953.264 # matmult_mkn
   527.344   3889.502 # matmult_kmn
   527.344   1255.650 # matmult_knm
   527.344   1146.833 # matmult_nkm
   527.344   1521.111 # matmult_nmk
   717.773   1376.828 # matmult_mnk
   717.773   3789.896 # matmult_mkn
   717.773   3680.786 # matmult_kmn
   717.773   1102.565 # matmult_knm
   717.773    994.694 # matmult_nkm
   717.773   1501.887 # matmult_nmk
   937.500   1335.927 # matmult_mnk
   937.500   4058.491 # matmult_mkn
   937.500   3587.238 # matmult_kmn
   937.500   1094.262 # matmult_knm
   937.500   1104.602 # matmult_nkm
   937.500   1407.940 # matmult_nmk
  2109.375   1300.840 # matmult_mnk
  2109.375   4198.061 # matmult_mkn
  2109.375   3686.815 # matmult_kmn
  2109.375    610.368 # matmult_knm
  2109.375    616.159 # matmult_nkm
  2109.375   1442.905 # matmult_nmk
  5859.375   1120.834 # matmult_mnk
  5859.375   4318.046 # matmult_mkn
  5859.375   3845.027 # matmult_kmn
  5859.375    564.750 # matmult_knm
  5859.375    569.012 # matmult_nkm
  5859.375   1220.702 # matmult_nmk
 11484.375   1178.545 # matmult_mnk
 11484.375   4379.302 # matmult_mkn
 11484.375   3932.721 # matmult_kmn
 11484.375    574.075 # matmult_knm
 11484.375    580.140 # matmult_nkm
 11484.375   1301.188 # matmult_nmk
 18984.375   1207.447 # matmult_mnk
 18984.375   4407.454 # matmult_mkn
 18984.375   3970.016 # matmult_kmn
 18984.375    572.722 # matmult_knm
 18984.375    578.645 # matmult_nkm
 18984.375   1332.648 # matmult_nmk
 23437.500   1237.026 # matmult_mnk
 23437.500   4414.364 # matmult_mkn
 23437.500   3964.050 # matmult_kmn
 23437.500    564.827 # matmult_knm
 23437.500    572.123 # matmult_nkm
 23437.500   1352.191 # matmult_nmk
 52734.375   1190.892 # matmult_mnk
 52734.375   4437.518 # matmult_mkn
 52734.375   3990.943 # matmult_kmn
 52734.375    523.860 # matmult_knm
 52734.375    537.491 # matmult_nkm
 52734.375   1338.017 # matmult_nmk
 93750.000    604.251 # matmult_mnk
 93750.000   3223.490 # matmult_mkn
 93750.000   2169.694 # matmult_kmn
 93750.000    325.147 # matmult_knm
 93750.000    326.537 # matmult_nkm
 93750.000    522.841 # matmult_nmk
146484.375    722.485 # matmult_mnk
146484.375   2470.218 # matmult_mkn
146484.375   1918.243 # matmult_kmn
146484.375    290.278 # matmult_knm
146484.375    288.475 # matmult_nkm
146484.375    928.673 # matmult_nmk

------------------------------------------------------------
Sender: LSF System <lsfadmin@n-62-21-41>
Subject: Job 5040820: <mm_batch_O3_ffast> in cluster <dcc> Done

Job <mm_batch_O3_ffast> was submitted from host <n-62-30-7> by user <s164535> in cluster <dcc> at Thu Jan  9 15:49:39 2020
Job was executed on host(s) <n-62-21-41>, in queue <hpcintro>, as user <s164535> in cluster <dcc> at Thu Jan  9 15:49:41 2020
</zhome/1e/7/117649> was used as the home directory.
</zhome/1e/7/117649/Documents/02614> was used as the working directory.
Started at Thu Jan  9 15:49:41 2020
Terminated at Thu Jan  9 16:02:22 2020
Results reported at Thu Jan  9 16:02:22 2020

Your job looked like:

------------------------------------------------------------
# LSBATCH: User input
#!/bin/bash
# 02614 - High-Performance Computing, January 2018
# 
# batch script to run matmult on a decidated server in the hpcintro
# queue
#
# Author: Bernd Dammann <bd@cc.dtu.dk>
#
#BSUB -J mm_batch_O3_ffast
#BSUB -o mm_batch_O3_ffast.out
#BSUB -q hpcintro
#BSUB -n 1
#BSUB -R "rusage[mem=2048]"
#BSUB -W 40

# define the driver name to use
# valid values: matmult_c.studio, matmult_f.studio, matmult_c.gcc or
# matmult_f.gcc
#
EXECUTABLE=matmult_c.gcc

# define the mkn values in the MKN variable
#
SIZES="1 50 75 100 150 175 200 300 500 700 900 1000 1500 2000 2500"

# define the permutation type in PERM
#
PERM="per"

# uncomment and set a reasonable BLKSIZE for the blk version
#
# BLKSIZE=1

# enable(1)/disable(0) result checking
export MATMULT_COMPARE=0

# start the collect command with the above settings
for S in $SIZES
do
    ./$EXECUTABLE $PERM $S $S $S $BLKSIZE
done

------------------------------------------------------------

Successfully completed.

Resource usage summary:

    CPU time :                                   760.33 sec.
    Max Memory :                                 147 MB
    Average Memory :                             88.79 MB
    Total Requested Memory :                     2048.00 MB
    Delta Memory :                               1901.00 MB
    Max Swap :                                   -
    Max Processes :                              4
    Max Threads :                                5
    Run time :                                   760 sec.
    Turnaround time :                            763 sec.

The output (if any) is above this job summary.

