     0.023      2.059 # matmult_mnk
     0.023      2.058 # matmult_mkn
     0.023      2.058 # matmult_kmn
     0.023      2.063 # matmult_knm
     0.023      2.061 # matmult_nkm
     0.023      2.053 # matmult_nmk
    58.594   1521.576 # matmult_mnk
    58.594   3861.079 # matmult_mkn
    58.594   3771.818 # matmult_kmn
    58.594   1531.998 # matmult_knm
    58.594   1448.057 # matmult_nkm
    58.594   1538.306 # matmult_nmk

------------------------------------------------------------
Sender: LSF System <lsfadmin@n-62-21-45>
Subject: Job 5041056: <mm_batch_O3_fast_unroll> in cluster <dcc> Exited

Job <mm_batch_O3_fast_unroll> was submitted from host <n-62-30-7> by user <s164535> in cluster <dcc> at Thu Jan  9 16:13:29 2020
Job was executed on host(s) <n-62-21-45>, in queue <hpcintro>, as user <s164535> in cluster <dcc> at Thu Jan  9 16:13:29 2020
</zhome/1e/7/117649> was used as the home directory.
</zhome/1e/7/117649/Documents/02614> was used as the working directory.
Started at Thu Jan  9 16:13:29 2020
Terminated at Thu Jan  9 16:14:16 2020
Results reported at Thu Jan  9 16:14:16 2020

Your job looked like:

------------------------------------------------------------
# LSBATCH: User input
#!/bin/bash
# 02614 - High-Performance Computing, January 2018
# 
# batch script to run matmult on a decidated server in the hpcintro
# queue
#
# Author: Bernd Dammann <bd@cc.dtu.dk>
#
#BSUB -J mm_batch_O3_fast_unroll
#BSUB -o mm_batch_O3_fast_unroll.out
#BSUB -q hpcintro
#BSUB -n 1
#BSUB -R "rusage[mem=2048]"
#BSUB -W 40

# define the driver name to use
# valid values: matmult_c.studio, matmult_f.studio, matmult_c.gcc or
# matmult_f.gcc
#
EXECUTABLE=matmult_c.gcc

# define the mkn values in the MKN variable
#
SIZES="1 50 75 100 150 175 200 300 500 700 900 1000 1500 2000"

# define the permutation type in PERM
#
PERM="per"

# uncomment and set a reasonable BLKSIZE for the blk version
#
# BLKSIZE=1

# enable(1)/disable(0) result checking
export MATMULT_COMPARE=0

# start the collect command with the above settings
for S in $SIZES
do
    ./$EXECUTABLE $PERM $S $S $S $BLKSIZE
done

------------------------------------------------------------

TERM_OWNER: job killed by owner.
Exited with exit code 130.

Resource usage summary:

    CPU time :                                   46.48 sec.
    Max Memory :                                 4 MB
    Average Memory :                             4.00 MB
    Total Requested Memory :                     2048.00 MB
    Delta Memory :                               2044.00 MB
    Max Swap :                                   -
    Max Processes :                              4
    Max Threads :                                5
    Run time :                                   67 sec.
    Turnaround time :                            47 sec.

The output (if any) is above this job summary.

     0.023      2.057 # matmult_mnk
     0.023      2.060 # matmult_mkn
     0.023      2.060 # matmult_kmn
     0.023      2.060 # matmult_knm
     0.023      2.057 # matmult_nkm
     0.023      2.054 # matmult_nmk
    58.594   1796.641 # matmult_mnk
    58.594   4762.100 # matmult_mkn
    58.594   4143.273 # matmult_kmn
    58.594   1722.295 # matmult_knm
    58.594   1802.320 # matmult_nkm
    58.594   1813.159 # matmult_nmk
   131.836   1921.643 # matmult_mnk
   131.836   4223.856 # matmult_mkn
   131.836   4127.285 # matmult_kmn
   131.836   1700.765 # matmult_knm
   131.836   1758.121 # matmult_nkm
   131.836   1913.526 # matmult_nmk
   234.375   1792.309 # matmult_mnk
   234.375   4599.699 # matmult_mkn
   234.375   4107.890 # matmult_kmn
   234.375   1533.104 # matmult_knm
   234.375   1617.313 # matmult_nkm
   234.375   1780.371 # matmult_nmk
   527.344   1673.211 # matmult_mnk
   527.344   4677.103 # matmult_mkn
   527.344   4189.154 # matmult_kmn
   527.344   1220.969 # matmult_knm
   527.344   1123.259 # matmult_nkm
   527.344   1648.501 # matmult_nmk
   717.773   1558.961 # matmult_mnk
   717.773   4262.703 # matmult_mkn
   717.773   4061.820 # matmult_kmn
   717.773   1065.321 # matmult_knm
   717.773    999.589 # matmult_nkm
   717.773   1605.571 # matmult_nmk
   937.500   1483.960 # matmult_mnk
   937.500   4540.077 # matmult_mkn
   937.500   3862.439 # matmult_kmn
   937.500   1109.145 # matmult_knm
   937.500   1127.783 # matmult_nkm
   937.500   1554.022 # matmult_nmk
  2109.375   1479.651 # matmult_mnk
  2109.375   4547.553 # matmult_mkn
  2109.375   3881.982 # matmult_kmn
  2109.375    608.264 # matmult_knm
  2109.375    614.778 # matmult_nkm
  2109.375   1550.834 # matmult_nmk
  5859.375   1274.848 # matmult_mnk
  5859.375   4703.495 # matmult_mkn
  5859.375   3873.226 # matmult_kmn
  5859.375    564.928 # matmult_knm
  5859.375    569.472 # matmult_nkm
  5859.375   1355.407 # matmult_nmk
 11484.375   1307.990 # matmult_mnk
 11484.375   4690.378 # matmult_mkn
 11484.375   3909.903 # matmult_kmn
 11484.375    573.682 # matmult_knm
 11484.375    578.438 # matmult_nkm
 11484.375   1405.933 # matmult_nmk
 18984.375   1317.492 # matmult_mnk
 18984.375   4718.215 # matmult_mkn
 18984.375   3979.961 # matmult_kmn
 18984.375    568.646 # matmult_knm
 18984.375    572.599 # matmult_nkm
 18984.375   1429.907 # matmult_nmk
 23437.500   1264.145 # matmult_mnk
 23437.500   4724.674 # matmult_mkn
 23437.500   3995.635 # matmult_kmn
 23437.500    542.100 # matmult_knm
 23437.500    535.823 # matmult_nkm
 23437.500   1379.858 # matmult_nmk
 52734.375    821.283 # matmult_mnk
 52734.375   4429.031 # matmult_mkn
 52734.375   3544.569 # matmult_kmn
 52734.375    417.609 # matmult_knm
 52734.375    416.180 # matmult_nkm
 52734.375    979.419 # matmult_nmk
 93750.000    562.862 # matmult_mnk
 93750.000   2875.366 # matmult_mkn
 93750.000   2046.379 # matmult_kmn
 93750.000    312.724 # matmult_knm
 93750.000    312.697 # matmult_nkm
 93750.000    460.176 # matmult_nmk

------------------------------------------------------------
Sender: LSF System <lsfadmin@n-62-21-46>
Subject: Job 5041067: <mm_batch_O3_fast_unroll> in cluster <dcc> Done

Job <mm_batch_O3_fast_unroll> was submitted from host <n-62-30-7> by user <s164535> in cluster <dcc> at Thu Jan  9 16:15:43 2020
Job was executed on host(s) <n-62-21-46>, in queue <hpcintro>, as user <s164535> in cluster <dcc> at Thu Jan  9 16:15:43 2020
</zhome/1e/7/117649> was used as the home directory.
</zhome/1e/7/117649/Documents/02614> was used as the working directory.
Started at Thu Jan  9 16:15:43 2020
Terminated at Thu Jan  9 16:23:25 2020
Results reported at Thu Jan  9 16:23:25 2020

Your job looked like:

------------------------------------------------------------
# LSBATCH: User input
#!/bin/bash
# 02614 - High-Performance Computing, January 2018
# 
# batch script to run matmult on a decidated server in the hpcintro
# queue
#
# Author: Bernd Dammann <bd@cc.dtu.dk>
#
#BSUB -J mm_batch_O3_fast_unroll
#BSUB -o mm_batch_O3_fast_unroll.out
#BSUB -q hpcintro
#BSUB -n 1
#BSUB -R "rusage[mem=2048]"
#BSUB -W 40

# define the driver name to use
# valid values: matmult_c.studio, matmult_f.studio, matmult_c.gcc or
# matmult_f.gcc
#
EXECUTABLE=matmult_c.gcc

# define the mkn values in the MKN variable
#
SIZES="1 50 75 100 150 175 200 300 500 700 900 1000 1500 2000"

# define the permutation type in PERM
#
PERM="per"

# uncomment and set a reasonable BLKSIZE for the blk version
#
# BLKSIZE=1

# enable(1)/disable(0) result checking
export MATMULT_COMPARE=0

# start the collect command with the above settings
for S in $SIZES
do
    ./$EXECUTABLE $PERM $S $S $S $BLKSIZE
done

------------------------------------------------------------

Successfully completed.

Resource usage summary:

    CPU time :                                   461.03 sec.
    Max Memory :                                 96 MB
    Average Memory :                             56.38 MB
    Total Requested Memory :                     2048.00 MB
    Delta Memory :                               1952.00 MB
    Max Swap :                                   -
    Max Processes :                              4
    Max Threads :                                5
    Run time :                                   464 sec.
    Turnaround time :                            462 sec.

The output (if any) is above this job summary.

