Loaded module: cuda/10.2
Loaded dependency [gcc/6.3.0]: binutils/2.29
Loaded module: gcc/6.3.0
==27479== NVPROF is profiling process 27479, command: ./matmult_f.nvcc gpu2 500 500 500
==27479== Profiling application: ./matmult_f.nvcc gpu2 500 500 500
  5859.375 182406.264 # matmult_gpu2
==27479== Profiling result:
            Type  Time(%)      Time     Calls       Avg       Min       Max  Name
 GPU activities:   47.20%  722.08ms      4379  164.90us  1.5990us  173.12us  [CUDA memcpy HtoD]
                   31.06%  475.06ms      2189  217.02us  197.95us  242.56us  matcal_2
                   21.74%  332.57ms      2189  151.93us  151.81us  164.35us  [CUDA memcpy DtoH]
==27496== NVPROF is profiling process 27496, command: ./matmult_f.nvcc gpu2 1000 1000 1000
==27496== Profiling application: ./matmult_f.nvcc gpu2 1000 1000 1000
==27496== Profiling result:
            Type  Time(%)      Time     Calls       Avg       Min       Max  Name
 GPU activities:   43.37%  963.26ms       658  1.4639ms  1.4589ms  1.4682ms  matcal_2
                   38.59%  857.06ms      1317  650.77us  1.6000us  662.46us  [CUDA memcpy HtoD]
                   18.04%  400.60ms       658  608.82us  608.60us  619.10us  [CUDA memcpy DtoH]
 23437.500 438537.585 # matmult_gpu2
==27514== NVPROF is profiling process 27514, command: ./matmult_f.nvcc gpu2 2000 2000 2000
==27514== Profiling application: ./matmult_f.nvcc gpu2 2000 2000 2000
==27514== Profiling result:
            Type  Time(%)      Time     Calls       Avg       Min       Max  Name
 GPU activities:   57.21%  1.46709s       144  10.188ms  10.154ms  10.229ms  matcal_2
                   29.16%  747.89ms       289  2.5879ms  1.4720us  2.6082ms  [CUDA memcpy HtoD]
                   13.63%  349.61ms       144  2.4279ms  2.4273ms  2.4399ms  [CUDA memcpy DtoH]
 93750.000 765212.322 # matmult_gpu2
==27531== NVPROF is profiling process 27531, command: ./matmult_f.nvcc gpu2 4000 4000 4000
==27531== Profiling application: ./matmult_f.nvcc gpu2 4000 4000 4000
==27531== Profiling result:
            Type  Time(%)      Time     Calls       Avg       Min       Max  Name
 GPU activities:   68.56%  2.00078s        25  80.031ms  79.875ms  80.342ms  matcal_2
                   23.12%  674.77ms        51  13.231ms  1.4400us  16.924ms  [CUDA memcpy HtoD]
                    8.32%  242.72ms        25  9.7090ms  9.7088ms  9.7092ms  [CUDA memcpy DtoH]
375000.000 1052740.628 # matmult_gpu2
==27548== NVPROF is profiling process 27548, command: ./matmult_f.nvcc gpu2 8000 8000 8000
==27548== Profiling application: ./matmult_f.nvcc gpu2 8000 8000 8000
==27548== Profiling result:
            Type  Time(%)      Time     Calls       Avg       Min       Max  Name
 GPU activities:   81.09%  2.56472s         4  641.18ms  641.01ms  641.36ms  matcal_2
                   14.00%  442.70ms         9  49.189ms  1.4720us  78.739ms  [CUDA memcpy HtoD]
                    4.91%  155.33ms         4  38.834ms  38.827ms  38.854ms  [CUDA memcpy DtoH]
1500000.000 1283233.327 # matmult_gpu2

------------------------------------------------------------
Sender: LSF System <lsfadmin@n-62-20-4>
Subject: Job 5183453: <mm_batch> in cluster <dcc> Done

Job <mm_batch> was submitted from host <n-62-20-6> by user <s164548> in cluster <dcc> at Fri Jan 24 15:53:33 2020
Job was executed on host(s) <n-62-20-4>, in queue <hpcintrogpu>, as user <s164548> in cluster <dcc> at Fri Jan 24 15:53:35 2020
</zhome/1c/9/118567> was used as the home directory.
</zhome/1c/9/118567/Matmult> was used as the working directory.
Started at Fri Jan 24 15:53:35 2020
Terminated at Fri Jan 24 15:53:58 2020
Results reported at Fri Jan 24 15:53:58 2020

Your job looked like:

------------------------------------------------------------
# LSBATCH: User input
#!/bin/bash
# 02614 - High-Performance Computing, January 2018
# 
# batch script to run matmult on a decidated server in the hpcintro
# queue
#
# Author: Bernd Dammann <bd@cc.dtu.dk>
#
#BSUB -J mm_batch
#BSUB -o mm_batch_%J.out
#BSUB -q hpcintrogpu
#BSUB -n 1
#BSUB -gpu "num=1:mode=exclusive_process:mps=yes"
#BSUB -R "rusage[mem=7GB]"
#BSUB -W 5

module load cuda/10.2
module load gcc/6.3.0

# define the driver name to use
# valid values: matmult_c.studio, matmult_f.studio, matmult_c.gcc or
# matmult_f.gcc
#
EXECUTABLE=matmult_f.nvcc

# define the mkn values in the MKN variable
#
SIZES="500 1000 2000 4000 8000"

# define the permutation type in PERM
#
PERM="gpu2"

# uncomment and set a reasonable BLKSIZE for the blk version
#
# BLKSIZE=1

# enable(1)/disable(0) result checking
export MATMULT_COMPARE=0

# start the collect command with the above settings
for S in $SIZES
do
    MATMULT_COMPARE=0 nvprof --print-gpu-summary ./$EXECUTABLE $PERM $S $S $S
    #ATMULT_COMPARE=0 ./$EXECUTABLE $PERM $S $S $S
done

------------------------------------------------------------

Successfully completed.

Resource usage summary:

    CPU time :                                   21.09 sec.
    Max Memory :                                 414 MB
    Average Memory :                             414.00 MB
    Total Requested Memory :                     7168.00 MB
    Delta Memory :                               6754.00 MB
    Max Swap :                                   -
    Max Processes :                              5
    Max Threads :                                15
    Run time :                                   32 sec.
    Turnaround time :                            25 sec.

The output (if any) is above this job summary.

