Loaded module: cuda/10.2
Loaded dependency [gcc/6.3.0]: binutils/2.29
Loaded module: gcc/6.3.0
==562== NVPROF is profiling process 562, command: ./matmult_f.nvcc gpu3 500 500 500
==562== Profiling application: ./matmult_f.nvcc gpu3 500 500 500
  5859.375 184773.648 # matmult_gpu3
==562== Profiling result:
            Type  Time(%)      Time     Calls       Avg       Min       Max  Name
 GPU activities:   43.96%  730.98ms      4437  164.75us  1.6000us  171.71us  [CUDA memcpy HtoD]
                   35.63%  592.43ms      2218  267.10us  265.06us  295.49us  matcal_3
                   20.40%  339.24ms      2218  152.95us  152.80us  165.44us  [CUDA memcpy DtoH]
==580== NVPROF is profiling process 580, command: ./matmult_f.nvcc gpu3 1000 1000 1000
==580== Profiling application: ./matmult_f.nvcc gpu3 1000 1000 1000
==580== Profiling result:
            Type  Time(%)      Time     Calls       Avg       Min       Max  Name
 GPU activities:   50.33%  1.17178s       605  1.9368ms  1.7769ms  1.9551ms  matcal_3
                   33.85%  788.10ms      1211  650.78us  1.4720us  661.15us  [CUDA memcpy HtoD]
                   15.82%  368.34ms       605  608.82us  608.60us  621.28us  [CUDA memcpy DtoH]
 23437.500 403125.042 # matmult_gpu3
==597== NVPROF is profiling process 597, command: ./matmult_f.nvcc gpu3 2000 2000 2000
==597== Profiling application: ./matmult_f.nvcc gpu3 2000 2000 2000
==597== Profiling result:
            Type  Time(%)      Time     Calls       Avg       Min       Max  Name
 GPU activities:   61.59%  1.60091s       131  12.221ms  12.179ms  12.250ms  matcal_3
                   26.17%  680.36ms       263  2.5869ms  1.4720us  2.5976ms  [CUDA memcpy HtoD]
                   12.24%  318.18ms       131  2.4288ms  2.4283ms  2.4429ms  [CUDA memcpy DtoH]
 93750.000 698528.801 # matmult_gpu3
==614== NVPROF is profiling process 614, command: ./matmult_f.nvcc gpu3 4000 4000 4000
==614== Profiling application: ./matmult_f.nvcc gpu3 4000 4000 4000
==614== Profiling result:
            Type  Time(%)      Time     Calls       Avg       Min       Max  Name
 GPU activities:   71.97%  2.16897s        23  94.303ms  94.245ms  94.584ms  matcal_3
                   20.61%  621.23ms        47  13.218ms  1.4400us  16.917ms  [CUDA memcpy HtoD]
                    7.41%  223.32ms        23  9.7095ms  9.7088ms  9.7204ms  [CUDA memcpy DtoH]
375000.000 942683.894 # matmult_gpu3
==632== NVPROF is profiling process 632, command: ./matmult_f.nvcc gpu3 8000 8000 8000
==632== Profiling application: ./matmult_f.nvcc gpu3 8000 8000 8000
==632== Profiling result:
            Type  Time(%)      Time     Calls       Avg       Min       Max  Name
 GPU activities:   83.22%  2.96553s         4  741.38ms  741.33ms  741.50ms  matcal_3
                   12.42%  442.72ms         9  49.191ms  1.4400us  78.743ms  [CUDA memcpy HtoD]
                    4.36%  155.31ms         4  38.827ms  38.827ms  38.827ms  [CUDA memcpy DtoH]
1500000.000 1140620.747 # matmult_gpu3

------------------------------------------------------------
Sender: LSF System <lsfadmin@n-62-20-4>
Subject: Job 5184423: <mm_batch> in cluster <dcc> Done

Job <mm_batch> was submitted from host <n-62-20-6> by user <s164548> in cluster <dcc> at Fri Jan 24 16:13:34 2020
Job was executed on host(s) <n-62-20-4>, in queue <hpcintrogpu>, as user <s164548> in cluster <dcc> at Fri Jan 24 16:13:34 2020
</zhome/1c/9/118567> was used as the home directory.
</zhome/1c/9/118567/Matmult> was used as the working directory.
Started at Fri Jan 24 16:13:34 2020
Terminated at Fri Jan 24 16:13:57 2020
Results reported at Fri Jan 24 16:13:57 2020

Your job looked like:

------------------------------------------------------------
# LSBATCH: User input
#!/bin/bash
# 02614 - High-Performance Computing, January 2018
# 
# batch script to run matmult on a decidated server in the hpcintro
# queue
#
# Author: Bernd Dammann <bd@cc.dtu.dk>
#
#BSUB -J mm_batch
#BSUB -o mm_batch_%J.out
#BSUB -q hpcintrogpu
#BSUB -n 1
#BSUB -gpu "num=1:mode=exclusive_process:mps=yes"
#BSUB -R "rusage[mem=7GB]"
#BSUB -W 5

module load cuda/10.2
module load gcc/6.3.0

# define the driver name to use
# valid values: matmult_c.studio, matmult_f.studio, matmult_c.gcc or
# matmult_f.gcc
#
EXECUTABLE=matmult_f.nvcc

# define the mkn values in the MKN variable
#
SIZES="500 1000 2000 4000 8000"

# define the permutation type in PERM
#
PERM="gpu3"

# uncomment and set a reasonable BLKSIZE for the blk version
#
# BLKSIZE=1

# enable(1)/disable(0) result checking
export MATMULT_COMPARE=0

# start the collect command with the above settings
for S in $SIZES
do
    MATMULT_COMPARE=0 nvprof --print-gpu-summary ./$EXECUTABLE $PERM $S $S $S
    #ATMULT_COMPARE=0 ./$EXECUTABLE $PERM $S $S $S
done

------------------------------------------------------------

Successfully completed.

Resource usage summary:

    CPU time :                                   21.71 sec.
    Max Memory :                                 418 MB
    Average Memory :                             418.00 MB
    Total Requested Memory :                     7168.00 MB
    Delta Memory :                               6750.00 MB
    Max Swap :                                   -
    Max Processes :                              5
    Max Threads :                                15
    Run time :                                   49 sec.
    Turnaround time :                            23 sec.

The output (if any) is above this job summary.

