Loaded module: cuda/10.2
Loaded dependency [gcc/6.3.0]: binutils/2.29
Loaded module: gcc/6.3.0
==252664== NVPROF is profiling process 252664, command: ./matmult_f.nvcc gpu2 500 500 500
==252664== Profiling application: ./matmult_f.nvcc gpu2 500 500 500
  5859.375  31098.605 # matmult_gpu2
==252664== Profiling result:
            Type  Time(%)      Time     Calls       Avg       Min       Max  Name
 GPU activities:   93.27%  2.50350s       374  6.6939ms  6.5024ms  7.4941ms  matcal_2
                    4.60%  123.49ms       749  164.87us  1.6320us  172.16us  [CUDA memcpy HtoD]
                    2.13%  57.216ms       374  152.98us  152.83us  159.07us  [CUDA memcpy DtoH]
==252682== NVPROF is profiling process 252682, command: ./matmult_f.nvcc gpu2 1000 1000 1000
==252682== Profiling application: ./matmult_f.nvcc gpu2 1000 1000 1000
==252682== Profiling result:
            Type  Time(%)      Time     Calls       Avg       Min       Max  Name
 GPU activities:   95.81%  2.79959s        64  43.744ms  43.324ms  44.815ms  matcal_2
                    2.86%  83.474ms       129  647.08us  1.4720us  652.51us  [CUDA memcpy HtoD]
                    1.33%  38.954ms        64  608.66us  608.25us  620.45us  [CUDA memcpy DtoH]
 23437.500  42372.839 # matmult_gpu2
==252699== NVPROF is profiling process 252699, command: ./matmult_f.nvcc gpu2 2000 2000 2000
==252699== Profiling application: ./matmult_f.nvcc gpu2 2000 2000 2000
==252699== Profiling result:
            Type  Time(%)      Time     Calls       Avg       Min       Max  Name
 GPU activities:   97.86%  3.14481s         9  349.42ms  348.57ms  350.49ms  matcal_2
                    1.46%  46.807ms        19  2.4635ms  1.4400us  2.6008ms  [CUDA memcpy HtoD]
                    0.68%  21.878ms         9  2.4309ms  2.4290ms  2.4387ms  [CUDA memcpy DtoH]
 93750.000  44323.770 # matmult_gpu2
==252716== NVPROF is profiling process 252716, command: ./matmult_f.nvcc gpu2 4000 4000 4000
==252716== Profiling application: ./matmult_f.nvcc gpu2 4000 4000 4000
==252716== Profiling result:
            Type  Time(%)      Time     Calls       Avg       Min       Max  Name
 GPU activities:   98.84%  5.77142s         2  2.88571s  2.88482s  2.88660s  matcal_2
                    0.82%  48.110ms         5  9.6219ms  1.4080us  16.929ms  [CUDA memcpy HtoD]
                    0.33%  19.429ms         2  9.7143ms  9.7137ms  9.7149ms  [CUDA memcpy DtoH]
375000.000  43764.296 # matmult_gpu2
==252736== NVPROF is profiling process 252736, command: ./matmult_f.nvcc gpu2 8000 8000 8000
==252736== Profiling application: ./matmult_f.nvcc gpu2 8000 8000 8000
==252736== Profiling result:
            Type  Time(%)      Time     Calls       Avg       Min       Max  Name
 GPU activities:   99.49%  23.8601s         1  23.8601s  23.8601s  23.8601s  matcal_2
                    0.35%  83.128ms         3  27.709ms  1.5040us  41.564ms  [CUDA memcpy HtoD]
                    0.16%  38.858ms         1  38.858ms  38.858ms  38.858ms  [CUDA memcpy DtoH]
1500000.000  42689.144 # matmult_gpu2

------------------------------------------------------------
Sender: LSF System <lsfadmin@n-62-20-15>
Subject: Job 5149624: <mm_batch> in cluster <dcc> Done

Job <mm_batch> was submitted from host <n-62-20-7> by user <s164548> in cluster <dcc> at Wed Jan 22 17:01:32 2020
Job was executed on host(s) <n-62-20-15>, in queue <hpcintrogpu>, as user <s164548> in cluster <dcc> at Wed Jan 22 17:01:32 2020
</zhome/1c/9/118567> was used as the home directory.
</zhome/1c/9/118567/Matmult> was used as the working directory.
Started at Wed Jan 22 17:01:32 2020
Terminated at Wed Jan 22 17:02:21 2020
Results reported at Wed Jan 22 17:02:21 2020

Your job looked like:

------------------------------------------------------------
# LSBATCH: User input
#!/bin/bash
# 02614 - High-Performance Computing, January 2018
# 
# batch script to run matmult on a decidated server in the hpcintro
# queue
#
# Author: Bernd Dammann <bd@cc.dtu.dk>
#
#BSUB -J mm_batch
#BSUB -o mm_batch_%J.out
#BSUB -q hpcintrogpu
#BSUB -n 1
#BSUB -gpu "num=1:mode=exclusive_process:mps=yes"
#BSUB -R "rusage[mem=7GB]"
#BSUB -W 45

module load cuda/10.2
module load gcc/6.3.0

# define the driver name to use
# valid values: matmult_c.studio, matmult_f.studio, matmult_c.gcc or
# matmult_f.gcc
#
EXECUTABLE=matmult_f.nvcc

# define the mkn values in the MKN variable
#
SIZES="500 1000 2000 4000 8000"

# define the permutation type in PERM
#
PERM="gpu2"

# uncomment and set a reasonable BLKSIZE for the blk version
#
# BLKSIZE=1

# enable(1)/disable(0) result checking
export MATMULT_COMPARE=0

# start the collect command with the above settings
for S in $SIZES
do
    MATMULT_COMPARE=0 nvprof --print-gpu-summary ./$EXECUTABLE $PERM $S $S $S
    #./$EXECUTABLE $PERM $S $S $S
done

------------------------------------------------------------

Successfully completed.

Resource usage summary:

    CPU time :                                   45.73 sec.
    Max Memory :                                 415 MB
    Average Memory :                             412.75 MB
    Total Requested Memory :                     7168.00 MB
    Delta Memory :                               6753.00 MB
    Max Swap :                                   -
    Max Processes :                              5
    Max Threads :                                15
    Run time :                                   66 sec.
    Turnaround time :                            49 sec.

The output (if any) is above this job summary.

