Loaded module: clang/9.0.0
50 70 6.365647 
50 90 13.614684 
50 110 24.974267 
50 130 41.479399 
50 150 63.933941 
50 170 93.198694 
50 190 130.955726 
50 210 176.166253 
50 230 231.824019 
50 250 297.748407 

real	18m0.591s
user	18m0.250s
sys	0m0.231s
50 70 6.873483 
50 90 13.711590 
50 110 20.337782 
50 130 32.791008 
50 150 46.639279 
50 170 68.776201 
50 190 95.027657 
50 210 117.710069 
50 230 166.584877 
50 250 216.026078 

real	13m4.803s
user	25m38.555s
sys	0m30.725s
50 70 3.559842 
50 90 6.857549 
50 110 11.097631 
50 130 17.174658 
50 150 23.804774 
50 170 34.469802 
50 190 45.903789 
50 210 60.129971 
50 230 84.973733 
50 250 111.865905 

real	6m40.159s
user	26m12.459s
sys	0m27.925s
50 70 2.087740 
50 90 3.992055 
50 110 6.384206 
50 130 9.302126 
50 150 13.595919 
50 170 17.093763 
50 190 23.407100 
50 210 30.542917 
50 230 42.546033 
50 250 51.356909 

real	3m20.631s
user	25m55.834s
sys	0m48.841s
50 70 1.536646 
50 90 2.838927 
50 110 4.333892 
50 130 6.255041 
50 150 9.055893 
50 170 10.716562 
50 190 14.916552 
50 210 19.471493 
50 230 26.991577 
50 250 33.975548 

real	2m10.414s
user	24m26.688s
sys	1m37.886s
50 70 1.333742 
50 90 2.659943 
50 110 3.658430 
50 130 6.267479 
50 150 7.783715 
50 170 10.047257 
50 190 13.851654 
50 210 16.207167 
50 230 22.713261 
50 250 26.369776 

real	1m51.217s
user	27m11.562s
sys	2m27.351s
50 70 1.067089 
50 90 1.831572 
50 110 2.933093 
50 130 4.336979 
50 150 6.028097 
50 170 8.230718 
50 190 11.758547 
50 210 14.285014 
50 230 20.393408 
50 250 27.172854 

real	1m38.365s
user	29m13.311s
sys	3m33.328s
50 70 0.874588 
50 90 1.357981 
50 110 2.111051 
50 130 2.873293 
50 150 4.841962 
50 170 6.844763 
50 190 9.857034 
50 210 11.875729 
50 230 17.042847 
50 250 22.295969 

real	1m20.299s
user	27m47.001s
sys	4m18.450s
