Loaded module: studio/12u6
Creating experiment database collector_400.5037117.er (Process ID: 27511) ...
  3750.000    290.395 0 # matmult_mnk
  3750.000    361.452 0 # matmult_mkn
  3750.000    359.605 0 # matmult_kmn
  3750.000    265.534 0 # matmult_knm
  3750.000    263.512 0 # matmult_nkm
  3750.000    315.802 0 # matmult_nmk

------------------------------------------------------------
Sender: LSF System <lsfadmin@n-62-21-44>
Subject: Job 5037117: <collector_400> in cluster <dcc> Done

Job <collector_400> was submitted from host <n-62-27-18> by user <s164535> in cluster <dcc> at Thu Jan  9 10:40:00 2020
Job was executed on host(s) <n-62-21-44>, in queue <hpcintro>, as user <s164535> in cluster <dcc> at Thu Jan  9 10:40:01 2020
</zhome/1e/7/117649> was used as the home directory.
</zhome/1e/7/117649/Documents/02614> was used as the working directory.
Started at Thu Jan  9 10:40:01 2020
Terminated at Thu Jan  9 11:22:18 2020
Results reported at Thu Jan  9 11:22:18 2020

Your job looked like:

------------------------------------------------------------
# LSBATCH: User input
#!/bin/bash
# 02614 - High-Performance Computing, January 2018
# 
# batch script to run collect on a decidated server in the hpcintro
# queue
#
# Author: Bernd Dammann <bd@cc.dtu.dk>
#
#BSUB -J collector_400
#BSUB -o collector_400_%J.out
#BSUB -q hpcintro
#BSUB -n 1
#BSUB -R "rusage[mem=2048]"
#BSUB -W 00:59

module load studio

# define the driver name to use
# valid values: matmult_c.studio, matmult_f.studio, matmult_c.gcc or
# matmult_f.gcc
#
EXECUTABLE=matmult_c.gcc

# define the mkn values in the MKN variable
#
MKN="400 400 400"

# define the permutation type in PERM
#
PERM="per"

# uncomment and set a reasonable BLKSIZE for the blk version
#
BLKSIZE=1

# define the max no. of iterations the driver should use - adjust to
# get a reasonable run time.  You can get an estimate by trying this
# on the command line, i.e. "MFLOPS_MAX_IT=10 ./matmult_...." for the
# problem size you want to analyze.
#
export MFLOPS_MAX_IT=1000
export MATMULT_COMPARE=1

# experiment name 
#
JID=${LSB_JOBID}
EXPOUT="$LSB_JOBNAME.${JID}.er"

# uncomment the HWCOUNT line, if you want to use hardware counters
# define an option string for the harwdware counters (see output of

(... more ...)
------------------------------------------------------------

Successfully completed.

Resource usage summary:

    CPU time :                                   2526.42 sec.
    Max Memory :                                 29 MB
    Average Memory :                             28.26 MB
    Total Requested Memory :                     2048.00 MB
    Delta Memory :                               2019.00 MB
    Max Swap :                                   -
    Max Processes :                              4
    Max Threads :                                5
    Run time :                                   2536 sec.
    Turnaround time :                            2538 sec.

The output (if any) is above this job summary.

