     0.023      2.076 # matmult_mnk
     0.023      2.095 # matmult_mkn
     0.023      2.089 # matmult_kmn
     0.023      2.080 # matmult_knm
     0.023      2.080 # matmult_nkm
     0.023      2.067 # matmult_nmk
    58.594    347.269 # matmult_mnk
    58.594    346.655 # matmult_mkn
    58.594    346.657 # matmult_kmn
    58.594    337.551 # matmult_knm
    58.594    335.191 # matmult_nkm
    58.594    344.685 # matmult_nmk
   131.836    347.883 # matmult_mnk
   131.836    353.969 # matmult_mkn
   131.836    354.745 # matmult_kmn
   131.836    342.319 # matmult_knm
   131.836    340.729 # matmult_nkm
   131.836    352.140 # matmult_nmk
   234.375    350.295 # matmult_mnk
   234.375    354.948 # matmult_mkn
   234.375    355.721 # matmult_kmn
   234.375    342.231 # matmult_knm
   234.375    339.865 # matmult_nkm
   234.375    353.231 # matmult_nmk
   527.344    340.213 # matmult_mnk
   527.344    357.489 # matmult_mkn
   527.344    356.711 # matmult_kmn
   527.344    329.043 # matmult_knm
   527.344    323.616 # matmult_nkm
   527.344    353.163 # matmult_nmk
   717.773    315.514 # matmult_mnk
   717.773    358.575 # matmult_mkn
   717.773    355.880 # matmult_kmn
   717.773    292.580 # matmult_knm
   717.773    284.935 # matmult_nkm
   717.773    349.533 # matmult_nmk
   937.500    312.268 # matmult_mnk
   937.500    360.431 # matmult_mkn
   937.500    356.580 # matmult_kmn
   937.500    286.407 # matmult_knm
   937.500    285.244 # matmult_nkm
   937.500    331.942 # matmult_nmk
  2109.375    286.746 # matmult_mnk
  2109.375    361.803 # matmult_mkn
  2109.375    359.415 # matmult_kmn
  2109.375    263.990 # matmult_knm
  2109.375    265.551 # matmult_nkm
  2109.375    326.910 # matmult_nmk
  5859.375    261.522 # matmult_mnk
  5859.375    363.004 # matmult_mkn
  5859.375    361.670 # matmult_kmn
  5859.375    253.383 # matmult_knm
  5859.375    254.741 # matmult_nkm
  5859.375    290.442 # matmult_nmk
 11484.375    274.750 # matmult_mnk
 11484.375    363.700 # matmult_mkn
 11484.375    362.989 # matmult_kmn
 11484.375    265.419 # matmult_knm
 11484.375    268.324 # matmult_nkm
 11484.375    307.641 # matmult_nmk
 18984.375    278.752 # matmult_mnk
 18984.375    363.851 # matmult_mkn
 18984.375    363.378 # matmult_kmn
 18984.375    268.656 # matmult_knm
 18984.375    270.907 # matmult_nkm
 18984.375    312.488 # matmult_nmk
 23437.500    297.917 # matmult_mnk
 23437.500    364.072 # matmult_mkn
 23437.500    363.567 # matmult_kmn
 23437.500    281.476 # matmult_knm
 23437.500    283.305 # matmult_nkm
 23437.500    317.684 # matmult_nmk
 52734.375    282.583 # matmult_mnk
 52734.375    364.651 # matmult_mkn
 52734.375    364.507 # matmult_kmn
 52734.375    249.142 # matmult_knm
 52734.375    253.089 # matmult_nkm
 52734.375    317.586 # matmult_nmk
 93750.000    186.661 # matmult_mnk
 93750.000    363.450 # matmult_mkn
 93750.000    362.105 # matmult_kmn
 93750.000    177.134 # matmult_knm
 93750.000    170.221 # matmult_nkm
 93750.000    212.263 # matmult_nmk

------------------------------------------------------------
Sender: LSF System <lsfadmin@n-62-21-42>
Subject: Job 5041136: <mm_batch_nat> in cluster <dcc> Done

Job <mm_batch_nat> was submitted from host <n-62-30-7> by user <s164535> in cluster <dcc> at Thu Jan  9 16:24:47 2020
Job was executed on host(s) <n-62-21-42>, in queue <hpcintro>, as user <s164535> in cluster <dcc> at Thu Jan  9 16:24:47 2020
</zhome/1e/7/117649> was used as the home directory.
</zhome/1e/7/117649/Documents/02614> was used as the working directory.
Started at Thu Jan  9 16:24:47 2020
Terminated at Thu Jan  9 16:38:39 2020
Results reported at Thu Jan  9 16:38:39 2020

Your job looked like:

------------------------------------------------------------
# LSBATCH: User input
#!/bin/bash
# 02614 - High-Performance Computing, January 2018
# 
# batch script to run matmult on a decidated server in the hpcintro
# queue
#
# Author: Bernd Dammann <bd@cc.dtu.dk>
#
#BSUB -J mm_batch_nat
#BSUB -o mm_batch_nat.out
#BSUB -q hpcintro
#BSUB -n 1
#BSUB -R "rusage[mem=2048]"
#BSUB -W 40

# define the driver name to use
# valid values: matmult_c.studio, matmult_f.studio, matmult_c.gcc or
# matmult_f.gcc
#
EXECUTABLE=matmult_c.gcc

# define the mkn values in the MKN variable
#
SIZES="1 50 75 100 150 175 200 300 500 700 900 1000 1500 2000"

# define the permutation type in PERM
#
PERM="per"

# uncomment and set a reasonable BLKSIZE for the blk version
#
# BLKSIZE=1

# enable(1)/disable(0) result checking
export MATMULT_COMPARE=0

# start the collect command with the above settings
for S in $SIZES
do
    ./$EXECUTABLE $PERM $S $S $S $BLKSIZE
done

------------------------------------------------------------

Successfully completed.

Resource usage summary:

    CPU time :                                   831.48 sec.
    Max Memory :                                 96 MB
    Average Memory :                             64.36 MB
    Total Requested Memory :                     2048.00 MB
    Delta Memory :                               1952.00 MB
    Max Swap :                                   -
    Max Processes :                              4
    Max Threads :                                5
    Run time :                                   849 sec.
    Turnaround time :                            832 sec.

The output (if any) is above this job summary.

