Loaded module: cuda/10.2
Loaded dependency [gcc/6.3.0]: binutils/2.29
Loaded module: gcc/6.3.0
==81530== NVPROF is profiling process 81530, command: ./matmult_f.nvcc gpu3 500 500 500
==81530== Profiling application: ./matmult_f.nvcc gpu3 500 500 500
  5859.375 179155.617 # matmult_gpu3
==81530== Profiling result:
            Type  Time(%)      Time     Calls       Avg       Min       Max  Name
 GPU activities:   51.10%  710.06ms      4301  165.09us  1.6000us  172.32us  [CUDA memcpy HtoD]
                   25.23%  350.66ms      2150  163.10us  160.51us  181.22us  matcal_3
                   23.67%  328.86ms      2150  152.96us  152.83us  161.15us  [CUDA memcpy DtoH]
==81549== NVPROF is profiling process 81549, command: ./matmult_f.nvcc gpu3 1000 1000 1000
==81549== Profiling application: ./matmult_f.nvcc gpu3 1000 1000 1000
==81549== Profiling result:
            Type  Time(%)      Time     Calls       Avg       Min       Max  Name
 GPU activities:   45.35%  971.45ms       612  1.5873ms  1.5820ms  1.5944ms  matcal_3
                   37.26%  798.20ms      1225  651.59us  1.4400us  656.09us  [CUDA memcpy HtoD]
                   17.38%  372.31ms       612  608.35us  608.06us  619.01us  [CUDA memcpy DtoH]
 23437.500 407967.484 # matmult_gpu3
==81566== NVPROF is profiling process 81566, command: ./matmult_f.nvcc gpu3 2000 2000 2000
==81566== Profiling application: ./matmult_f.nvcc gpu3 2000 2000 2000
==81566== Profiling result:
            Type  Time(%)      Time     Calls       Avg       Min       Max  Name
 GPU activities:   60.80%  1.56179s       132  11.832ms  11.809ms  11.849ms  matcal_3
                   26.72%  686.46ms       265  2.5904ms  1.4400us  2.6037ms  [CUDA memcpy HtoD]
                   12.48%  320.64ms       132  2.4291ms  2.4288ms  2.4335ms  [CUDA memcpy DtoH]
 93750.000 702709.100 # matmult_gpu3
==81583== NVPROF is profiling process 81583, command: ./matmult_f.nvcc gpu3 4000 4000 4000
==81583== Profiling application: ./matmult_f.nvcc gpu3 4000 4000 4000
==81583== Profiling result:
            Type  Time(%)      Time     Calls       Avg       Min       Max  Name
 GPU activities:   71.49%  2.09881s        23  91.252ms  91.160ms  91.563ms  matcal_3
                   20.90%  613.69ms        47  13.057ms  1.6640us  17.064ms  [CUDA memcpy HtoD]
                    7.61%  223.42ms        23  9.7139ms  9.7134ms  9.7162ms  [CUDA memcpy DtoH]
375000.000 958054.806 # matmult_gpu3
==81601== NVPROF is profiling process 81601, command: ./matmult_f.nvcc gpu3 8000 8000 8000
==81601== Profiling application: ./matmult_f.nvcc gpu3 8000 8000 8000
==81601== Profiling result:
            Type  Time(%)      Time     Calls       Avg       Min       Max  Name
 GPU activities:   82.92%  2.91141s         4  727.85ms  727.68ms  728.03ms  matcal_3
                   12.65%  444.30ms         9  49.367ms  1.4720us  78.831ms  [CUDA memcpy HtoD]
                    4.43%  155.40ms         4  38.850ms  38.848ms  38.854ms  [CUDA memcpy DtoH]
1500000.000 1156561.592 # matmult_gpu3

------------------------------------------------------------
Sender: LSF System <lsfadmin@n-62-20-15>
Subject: Job 5185303: <mm_batch> in cluster <dcc> Done

Job <mm_batch> was submitted from host <n-62-20-6> by user <s164548> in cluster <dcc> at Fri Jan 24 16:21:29 2020
Job was executed on host(s) <n-62-20-15>, in queue <hpcintrogpu>, as user <s164548> in cluster <dcc> at Fri Jan 24 16:21:31 2020
</zhome/1c/9/118567> was used as the home directory.
</zhome/1c/9/118567/Matmult> was used as the working directory.
Started at Fri Jan 24 16:21:31 2020
Terminated at Fri Jan 24 16:21:56 2020
Results reported at Fri Jan 24 16:21:56 2020

Your job looked like:

------------------------------------------------------------
# LSBATCH: User input
#!/bin/bash
# 02614 - High-Performance Computing, January 2018
# 
# batch script to run matmult on a decidated server in the hpcintro
# queue
#
# Author: Bernd Dammann <bd@cc.dtu.dk>
#
#BSUB -J mm_batch
#BSUB -o mm_batch_%J.out
#BSUB -q hpcintrogpu
#BSUB -n 1
#BSUB -gpu "num=1:mode=exclusive_process:mps=yes"
#BSUB -R "rusage[mem=7GB]"
#BSUB -W 5

module load cuda/10.2
module load gcc/6.3.0

# define the driver name to use
# valid values: matmult_c.studio, matmult_f.studio, matmult_c.gcc or
# matmult_f.gcc
#
EXECUTABLE=matmult_f.nvcc

# define the mkn values in the MKN variable
#
SIZES="500 1000 2000 4000 8000"

# define the permutation type in PERM
#
PERM="gpu3"

# uncomment and set a reasonable BLKSIZE for the blk version
#
# BLKSIZE=1

# enable(1)/disable(0) result checking
export MATMULT_COMPARE=0

# start the collect command with the above settings
for S in $SIZES
do
    MATMULT_COMPARE=0 nvprof --print-gpu-summary ./$EXECUTABLE $PERM $S $S $S
    #ATMULT_COMPARE=0 ./$EXECUTABLE $PERM $S $S $S
done

------------------------------------------------------------

Successfully completed.

Resource usage summary:

    CPU time :                                   22.10 sec.
    Max Memory :                                 411 MB
    Average Memory :                             411.00 MB
    Total Requested Memory :                     7168.00 MB
    Delta Memory :                               6757.00 MB
    Max Swap :                                   -
    Max Processes :                              5
    Max Threads :                                15
    Run time :                                   48 sec.
    Turnaround time :                            27 sec.

The output (if any) is above this job summary.

