Loaded module: cuda/10.2
Loaded dependency [gcc/6.3.0]: binutils/2.29
Loaded module: gcc/6.3.0
==141718== NVPROF is profiling process 141718, command: ./matmult_f.nvcc gpu4 500 500 500
==141718== Profiling application: ./matmult_f.nvcc gpu4 500 500 500
  5859.375 139159.433 # matmult_gpu4
==141718== Profiling result:
            Type  Time(%)      Time     Calls       Avg       Min       Max  Name
 GPU activities:   40.64%  551.82ms      1670  330.43us  327.07us  368.64us  matcal_4
                   40.55%  550.67ms      3341  164.82us  1.6320us  165.57us  [CUDA memcpy HtoD]
                   18.81%  255.43ms      1670  152.95us  152.80us  162.82us  [CUDA memcpy DtoH]
==141745== NVPROF is profiling process 141745, command: ./matmult_f.nvcc gpu4 1000 1000 1000
==141745== Profiling application: ./matmult_f.nvcc gpu4 1000 1000 1000
==141745== Profiling result:
            Type  Time(%)      Time     Calls       Avg       Min       Max  Name
 GPU activities:   61.44%  1.43411s       471  3.0448ms  3.0370ms  3.0566ms  matcal_4
                   26.28%  613.44ms       943  650.52us  1.4400us  652.25us  [CUDA memcpy HtoD]
                   12.29%  286.77ms       471  608.86us  608.48us  617.79us  [CUDA memcpy DtoH]
 23437.500 313501.642 # matmult_gpu4
==141768== NVPROF is profiling process 141768, command: ./matmult_f.nvcc gpu4 2000 2000 2000
==141768== Profiling application: ./matmult_f.nvcc gpu4 2000 2000 2000
==141768== Profiling result:
            Type  Time(%)      Time     Calls       Avg       Min       Max  Name
 GPU activities:   75.96%  2.07105s        86  24.082ms  24.071ms  24.091ms  matcal_4
                   16.38%  446.48ms       173  2.5808ms  1.4720us  2.5991ms  [CUDA memcpy HtoD]
                    7.67%  209.05ms        86  2.4308ms  2.4301ms  2.4424ms  [CUDA memcpy DtoH]
 93750.000 453860.423 # matmult_gpu4
==141790== NVPROF is profiling process 141790, command: ./matmult_f.nvcc gpu4 4000 4000 4000
==141790== Profiling application: ./matmult_f.nvcc gpu4 4000 4000 4000
==141790== Profiling result:
            Type  Time(%)      Time     Calls       Avg       Min       Max  Name
 GPU activities:   85.49%  2.57769s        12  214.81ms  212.53ms  216.32ms  matcal_4
                   10.64%  320.87ms        25  12.835ms  1.5680us  16.910ms  [CUDA memcpy HtoD]
                    3.87%  116.62ms        12  9.7184ms  9.7180ms  9.7190ms  [CUDA memcpy DtoH]
375000.000 500004.706 # matmult_gpu4
==141813== NVPROF is profiling process 141813, command: ./matmult_f.nvcc gpu4 8000 8000 8000
==141813== Profiling application: ./matmult_f.nvcc gpu4 8000 8000 8000
==141813== Profiling result:
            Type  Time(%)      Time     Calls       Avg       Min       Max  Name
 GPU activities:   95.27%  5.66090s         2  2.83045s  2.77223s  2.88867s  matcal_4
                    3.42%  203.20ms         5  40.639ms  1.4720us  78.714ms  [CUDA memcpy HtoD]
                    1.31%  77.730ms         2  38.865ms  38.865ms  38.865ms  [CUDA memcpy DtoH]
1500000.000 343917.524 # matmult_gpu4

------------------------------------------------------------
Sender: LSF System <lsfadmin@n-62-20-15>
Subject: Job 5170960: <mm_batch> in cluster <dcc> Done

Job <mm_batch> was submitted from host <n-62-20-6> by user <s164548> in cluster <dcc> at Thu Jan 23 15:48:08 2020
Job was executed on host(s) <n-62-20-15>, in queue <hpcintrogpu>, as user <s164548> in cluster <dcc> at Thu Jan 23 15:48:09 2020
</zhome/1c/9/118567> was used as the home directory.
</zhome/1c/9/118567/Matmult> was used as the working directory.
Started at Thu Jan 23 15:48:09 2020
Terminated at Thu Jan 23 15:48:36 2020
Results reported at Thu Jan 23 15:48:36 2020

Your job looked like:

------------------------------------------------------------
# LSBATCH: User input
#!/bin/bash
# 02614 - High-Performance Computing, January 2018
# 
# batch script to run matmult on a decidated server in the hpcintro
# queue
#
# Author: Bernd Dammann <bd@cc.dtu.dk>
#
#BSUB -J mm_batch
#BSUB -o mm_batch_%J.out
#BSUB -q hpcintrogpu
#BSUB -n 1
#BSUB -gpu "num=1:mode=exclusive_process:mps=yes"
#BSUB -R "rusage[mem=7GB]"
#BSUB -W 5

module load cuda/10.2
module load gcc/6.3.0

# define the driver name to use
# valid values: matmult_c.studio, matmult_f.studio, matmult_c.gcc or
# matmult_f.gcc
#
EXECUTABLE=matmult_f.nvcc

# define the mkn values in the MKN variable
#
SIZES="500 1000 2000 4000 8000"

# define the permutation type in PERM
#
PERM="gpu4"

# uncomment and set a reasonable BLKSIZE for the blk version
#
# BLKSIZE=1

# enable(1)/disable(0) result checking
export MATMULT_COMPARE=0

# start the collect command with the above settings
for S in $SIZES
do
    MATMULT_COMPARE=0 nvprof --print-gpu-summary ./$EXECUTABLE $PERM $S $S $S
    #ATMULT_COMPARE=0 ./$EXECUTABLE $PERM $S $S $S
done

------------------------------------------------------------

Successfully completed.

Resource usage summary:

    CPU time :                                   24.66 sec.
    Max Memory :                                 410 MB
    Average Memory :                             410.00 MB
    Total Requested Memory :                     7168.00 MB
    Delta Memory :                               6758.00 MB
    Max Swap :                                   -
    Max Processes :                              5
    Max Threads :                                15
    Run time :                                   30 sec.
    Turnaround time :                            28 sec.

The output (if any) is above this job summary.

